Unloading compiler-dependent module mvapich2_ib/1.9
Unloading compiler-dependent module mvapich2_ib/1.9
Description:	Simple blocked dgemm.

Size: 31	Mflop/s:  1006.59	Percentage: 10.49
Size: 32	Mflop/s:  1013.36	Percentage: 10.56
Size: 96	Mflop/s:  1003.44	Percentage: 10.45
Size: 97	Mflop/s:  1013.31	Percentage: 10.56
Size: 127	Mflop/s:  1038.88	Percentage: 10.82
Size: 128	Mflop/s:  964.742	Percentage: 10.05
Size: 129	Mflop/s:  1037.04	Percentage: 10.80
Size: 191	Mflop/s:  1020.34	Percentage: 10.63
Size: 192	Mflop/s:   1009.9	Percentage: 10.52
Size: 229	Mflop/s:  1000.82	Percentage: 10.43
Size: 255	Mflop/s:  984.906	Percentage: 10.26
Size: 256	Mflop/s:  561.005	Percentage:  5.84
Size: 257	Mflop/s:   982.46	Percentage: 10.23
Size: 319	Mflop/s:  1021.05	Percentage: 10.64
Size: 320	Mflop/s:   1007.9	Percentage: 10.50
Size: 321	Mflop/s:  1009.69	Percentage: 10.52
Size: 417	Mflop/s:  1018.66	Percentage: 10.61
Size: 479	Mflop/s:  1015.34	Percentage: 10.58
Size: 480	Mflop/s:  993.629	Percentage: 10.35
Size: 511	Mflop/s:  936.663	Percentage:  9.76
Size: 512	Mflop/s:  441.283	Percentage:  4.60
Size: 639	Mflop/s:  994.829	Percentage: 10.36
Size: 640	Mflop/s:  933.771	Percentage:  9.73
Size: 767	Mflop/s:  944.843	Percentage:  9.84
Size: 768	Mflop/s:  560.507	Percentage:  5.84
Size: 769	Mflop/s:   949.86	Percentage:  9.89
Average percentage of Peak = 9.80161
Grade = 14.7024
Nodes:        trestles-12-14
Unloading compiler-dependent module mvapich2_ib/1.9
